E:\WORKCOPY\BASEDM\WINDOWS-F\BUILD\BASEDM\DEBUG\BASEDM.EXE
E:\WORKCOPY\BASEDM\WINDOWS-F\BUILD\BASEDM\DEBUG\BASEDM.EXE.EMBED.MANIFEST
E:\WORKCOPY\BASEDM\WINDOWS-F\BUILD\BASEDM\DEBUG\BASEDM.EXE.EMBED.MANIFEST.RES
E:\WORKCOPY\BASEDM\WINDOWS-F\BUILD\BASEDM\DEBUG\BASEDM.EXE.INTERMEDIATE.MANIFEST
E:\WORKCOPY\BASEDM\WINDOWS-F\BUILD\BASEDM\DEBUG\BASEDM.ILK
E:\WORKCOPY\BASEDM\WINDOWS-F\BUILD\BASEDM\DEBUG\BASEDM.OBJ
E:\WORKCOPY\BASEDM\WINDOWS-F\BUILD\BASEDM\DEBUG\BASEDM.PCH
E:\WORKCOPY\BASEDM\WINDOWS-F\BUILD\BASEDM\DEBUG\BASEDM.PDB
E:\WORKCOPY\BASEDM\WINDOWS-F\BUILD\BASEDM\DEBUG\BASEDM.RES
E:\WORKCOPY\BASEDM\WINDOWS-F\BUILD\BASEDM\DEBUG\BASEDMDLG.OBJ
E:\WORKCOPY\BASEDM\WINDOWS-F\BUILD\BASEDM\DEBUG\STDAFX.OBJ
E:\WORKCOPY\BASEDM\WINDOWS-F\BUILD\BASEDM\DEBUG\VC100.PDB
E:\WORKCOPY\BASEDM-GIT\ARTLESS\BUILD\WINDOWS\0_BIN\DEBUG\BASEDM.EXE
E:\WORKCOPY\BASEDM-GIT\ARTLESS\BUILD\WINDOWS\0_BIN\DEBUG\BASEDM.ILK
E:\WORKCOPY\BASEDM-GIT\ARTLESS\BUILD\WINDOWS\0_BIN\DEBUG\BASEDM.PDB
E:\workcopy\basedm-git\Artless\build\windows\basedm-vc10\..\0_bin\Debug\basedm.exe
E:\workcopy\basedm-git\Artless\build\windows\basedm-vc10\..\0_bin\Debug\basedm.ilk
E:\workcopy\basedm-git\Artless\build\windows\basedm-vc10\..\0_bin\Debug\basedm.pdb
E:\workcopy\basedm-git\Artless\build\windows\basedm-vc10\Debug\basedm.exe.embed.manifest
E:\WORKCOPY\BASEDM-GIT\ARTLESS\BUILD\WINDOWS\BASEDM-VC10\DEBUG\BASEDM.EXE.EMBED.MANIFEST.RES
E:\WORKCOPY\BASEDM-GIT\ARTLESS\BUILD\WINDOWS\BASEDM-VC10\DEBUG\BASEDM.EXE.INTERMEDIATE.MANIFEST
E:\workcopy\basedm-git\Artless\build\windows\basedm-vc10\Debug\basedm.ilk
E:\WORKCOPY\BASEDM-GIT\ARTLESS\BUILD\WINDOWS\BASEDM-VC10\DEBUG\BASEDM.OBJ
E:\WORKCOPY\BASEDM-GIT\ARTLESS\BUILD\WINDOWS\BASEDM-VC10\DEBUG\BASEDM.PCH
E:\workcopy\basedm-git\Artless\build\windows\basedm-vc10\Debug\basedm.pdb
E:\WORKCOPY\BASEDM-GIT\ARTLESS\BUILD\WINDOWS\BASEDM-VC10\DEBUG\BASEDM.RES
E:\workcopy\basedm-git\Artless\build\windows\basedm-vc10\Debug\basedm.vcxprojResolveAssemblyReference.cache
E:\workcopy\basedm-git\Artless\build\windows\basedm-vc10\Debug\basedm.write.1.tlog
E:\workcopy\basedm-git\Artless\build\windows\basedm-vc10\Debug\basedm_manifest.rc
E:\workcopy\basedm-git\Artless\build\windows\basedm-vc10\Debug\cl.command.1.tlog
E:\workcopy\basedm-git\Artless\build\windows\basedm-vc10\Debug\CL.read.1.tlog
E:\workcopy\basedm-git\Artless\build\windows\basedm-vc10\Debug\CL.write.1.tlog
E:\WORKCOPY\BASEDM-GIT\ARTLESS\BUILD\WINDOWS\BASEDM-VC10\DEBUG\IPCONNUTIL.OBJ
E:\workcopy\basedm-git\Artless\build\windows\basedm-vc10\Debug\link.command.1.tlog
E:\workcopy\basedm-git\Artless\build\windows\basedm-vc10\Debug\link.read.1.tlog
E:\workcopy\basedm-git\Artless\build\windows\basedm-vc10\Debug\link.write.1.tlog
E:\workcopy\basedm-git\Artless\build\windows\basedm-vc10\Debug\link-cvtres.read.1.tlog
E:\workcopy\basedm-git\Artless\build\windows\basedm-vc10\Debug\link-cvtres.write.1.tlog
E:\workcopy\basedm-git\Artless\build\windows\basedm-vc10\Debug\mt.command.1.tlog
E:\workcopy\basedm-git\Artless\build\windows\basedm-vc10\Debug\mt.read.1.tlog
E:\workcopy\basedm-git\Artless\build\windows\basedm-vc10\Debug\mt.write.1.tlog
E:\workcopy\basedm-git\Artless\build\windows\basedm-vc10\Debug\rc.command.1.tlog
E:\workcopy\basedm-git\Artless\build\windows\basedm-vc10\Debug\rc.read.1.tlog
E:\workcopy\basedm-git\Artless\build\windows\basedm-vc10\Debug\rc.write.1.tlog
E:\WORKCOPY\BASEDM-GIT\ARTLESS\BUILD\WINDOWS\BASEDM-VC10\DEBUG\STDAFX.OBJ
E:\WORKCOPY\BASEDM-GIT\ARTLESS\BUILD\WINDOWS\BASEDM-VC10\DEBUG\UTILMANAGE.OBJ
E:\workcopy\basedm-git\Artless\build\windows\basedm-vc10\Debug\vc100.idb
E:\WORKCOPY\BASEDM-GIT\ARTLESS\BUILD\WINDOWS\BASEDM-VC10\DEBUG\VC100.PDB
